2024-11-04  9:33:23 0 [Note] Starting MariaDB 10.4.32-MariaDB source revision c4143f909528e3fab0677a28631d10389354c491 as process 17672
2024-11-04  9:33:23 0 [ERROR] mysqld: File 'c:\xampp\mysql\data\aria_log.00000002' not found (Errcode: 2 "No such file or directory")
2024-11-04  9:33:23 0 [Note] InnoDB: Mutexes and rw_locks use Windows interlocked functions
2024-11-04  9:33:23 0 [Note] InnoDB: Uses event mutexes
2024-11-04  9:33:23 0 [Note] InnoDB: Compressed tables use zlib 1.3
2024-11-04  9:33:23 0 [Note] InnoDB: Number of pools: 1
2024-11-04  9:33:23 0 [Note] InnoDB: Using SSE2 crc32 instructions
2024-11-04  9:33:23 0 [Note] InnoDB: Initializing buffer pool, total size = 128M, instances = 1, chunk size = 128M
2024-11-04  9:33:23 0 [Note] InnoDB: Completed initialization of buffer pool
2024-11-04  9:33:23 0 [Note] InnoDB: Setting log file .\ib_logfile101 size to 50331648 bytes
2024-11-04  9:33:23 0 [Note] InnoDB: Setting log file .\ib_logfile1 size to 50331648 bytes
2024-11-04  9:33:23 0 [Note] InnoDB: Renaming log file .\ib_logfile101 to .\ib_logfile0
2024-11-04  9:33:23 0 [Note] InnoDB: New log files created, LSN=1174037
2024-11-04  9:33:23 0 [Note] InnoDB: 128 out of 128 rollback segments are active.
2024-11-04  9:33:23 0 [Note] InnoDB: Creating shared tablespace for temporary tables
2024-11-04  9:33:23 0 [Note] InnoDB: Setting file '.\ibtmp1' size to 12 MB. Physically writing the file full; Please wait ...
2024-11-04  9:33:23 0 [Note] InnoDB: File '.\ibtmp1' size is now 12 MB.
2024-11-04  9:33:23 0 [Note] InnoDB: Waiting for purge to start
2024-11-04  9:33:23 0 [Note] InnoDB: 10.4.32 started; log sequence number 1174540; transaction id 2613
2024-11-04  9:33:23 0 [Note] InnoDB: Loading buffer pool(s) from c:\xampp\mysql\data\ib_buffer_pool
2024-11-04  9:33:23 0 [Note] Plugin 'FEEDBACK' is disabled.
2024-11-04  9:33:23 0 [Note] InnoDB: Buffer pool(s) load completed at 241104  9:33:23
2024-11-04  9:33:23 0 [ERROR] mysqld: unknown option '--initialize-insecure'
2024-11-04  9:33:23 0 [ERROR] Aborting
